<?xml version="1.0" encoding="UTF-8"?>
<!-- Generated by org.testng.reporters.JUnitReportReporter -->
<testsuite skipped="0" hostname="DESKTOP-34V0NQH" name="testCases.TC001_LoginLogout" tests="2" failures="0" timestamp="2021-01-25T00:52:37 EST" time="33.144" errors="0">
  <testcase name="loginLogout" time="18.815" classname="testCases.TC001_LoginLogout"/>
  <testcase name="loginLogout" time="14.329" classname="testCases.TC001_LoginLogout"/>
</testsuite> <!-- testCases.TC001_LoginLogout -->
